Using pre-set license
Built from '2020.2/staging' branch; Version is '2020.2.7f1 (c53830e277f1) revision 12924976'; Using compiler version '192528614'; Build Type 'Release'
OS: 'Windows 10 Pro; OS build 19041.867; Version 2004; 64bit' Language: 'en' Physical Memory: 8147 MB
BatchMode: 1, IsHumanControllingUs: 0, StartBugReporterOnCrash: 0, Is64bit: 1, IsPro: 0

 COMMAND LINE ARGUMENTS:
D:\UNITY projects\2020.2.7f1\Editor\Unity.exe
-adb2
-batchMode
-noUpm
-name
AssetImportWorker0
-projectPath
D:/UNITY projects/IJunior_unity2D
-logFile
Logs/AssetImportWorker0.log
-srvPort
60284
Successfully changed project path to: D:/UNITY projects/IJunior_unity2D
D:/UNITY projects/IJunior_unity2D
Using Asset Import Pipeline V2.
Refreshing native plugins compatible for Editor in 37.82 ms, found 1 plugins.
Preloading 0 native plugins for Editor in 0.00 ms.
Initialize engine version: 2020.2.7f1 (c53830e277f1)
[Subsystems] Discovering subsystems at path D:/UNITY projects/2020.2.7f1/Editor/Data/Resources/UnitySubsystems
[Subsystems] Discovering subsystems at path D:/UNITY projects/IJunior_unity2D/Assets
GfxDevice: creating device client; threaded=0
Direct3D:
    Version:  Direct3D 11.0 [level 11.1]
    Renderer: NVIDIA GeForce GTX 1050 (ID=0x1c81)
    Vendor:   
    VRAM:     1977 MB
    Driver:   27.21.14.5671
Initialize mono
Mono path[0] = 'D:/UNITY projects/2020.2.7f1/Editor/Data/Managed'
Mono path[1] = 'D:/UNITY projects/2020.2.7f1/Editor/Data/MonoBleedingEdge/lib/mono/unityjit'
Mono config path = 'D:/UNITY projects/2020.2.7f1/Editor/Data/MonoBleedingEdge/etc'
Using monoOptions --debugger-agent=transport=dt_socket,embedding=1,server=y,suspend=n,address=127.0.0.1:56676
Begin MonoManager ReloadAssembly
Registering precompiled unity dll's ...
Register platform support module: D:/UNITY projects/2020.2.7f1/Editor/Data/PlaybackEngines/WindowsStandaloneSupport/UnityEditor.WindowsStandalone.Extensions.dll
Registered in 0.001009 seconds.
Native extension for WindowsStandalone target not found
Refreshing native plugins compatible for Editor in 36.32 ms, found 1 plugins.
Preloading 0 native plugins for Editor in 0.00 ms.
Invoked RoslynAnalysisRunner static constructor.
RoslynAnalysisRunner will not be running.
RoslynAnalysisRunner has terminated.
Mono: successfully reloaded assembly
- Completed reload, in  1.432 seconds
Platform modules already initialized, skipping
Registering precompiled user dll's ...
Registered in 0.000758 seconds.
Begin MonoManager ReloadAssembly
Native extension for WindowsStandalone target not found
Refreshing native plugins compatible for Editor in 36.72 ms, found 1 plugins.
Preloading 0 native plugins for Editor in 0.00 ms.
Invoked RoslynAnalysisRunner static constructor.
RoslynAnalysisRunner will not be running.
RoslynAnalysisRunner has terminated.
Mono: successfully reloaded assembly
- Completed reload, in  0.938 seconds
Platform modules already initialized, skipping
========================================================================
Worker process is ready to serve import requests
Launched and connected shader compiler UnityShaderCompiler.exe after 0.05 seconds
Refreshing native plugins compatible for Editor in 0.49 ms, found 1 plugins.
Preloading 0 native plugins for Editor in 0.00 ms.
Unloading 1809 Unused Serialized files (Serialized files now loaded: 0)
System memory in use before: 84.7 MB.
System memory in use after: 84.6 MB.

Unloading 24 unused Assets to reduce memory usage. Loaded Objects now: 2251.
Total: 2.837300 ms (FindLiveObjects: 0.417200 ms CreateObjectMapping: 0.159900 ms MarkObjects: 2.111500 ms  DeleteObjects: 0.147200 ms)

========================================================================
Received Import Request.
  path: Assets/Scripts
  artifactKey: Guid(d77ee1ea7aaef874c92e62a64b486bae) Importer(815301076,1909f56bfc062723c751e8b465ee728b)
Start importing Assets/Scripts using Guid(d77ee1ea7aaef874c92e62a64b486bae) Importer(815301076,1909f56bfc062723c751e8b465ee728b)  -> (artifact id: '8f91f7a40233cb2afd88025f1de63779') in 0.008051 seconds
  Import took 0.033793 seconds .

========================================================================
Received Prepare
Refreshing native plugins compatible for Editor in 1.24 ms, found 1 plugins.
Preloading 0 native plugins for Editor in 0.00 ms.
Unloading 10 Unused Serialized files (Serialized files now loaded: 0)
System memory in use before: 49.0 MB.
System memory in use after: 49.0 MB.

Unloading 10 unused Assets to reduce memory usage. Loaded Objects now: 2251.
Total: 2.234700 ms (FindLiveObjects: 0.274600 ms CreateObjectMapping: 0.076400 ms MarkObjects: 1.783200 ms  DeleteObjects: 0.098700 ms)

========================================================================
Received Import Request.
  Time since last request: 44.750766 seconds.
  path: Assets/Sprites
  artifactKey: Guid(c2211bdd052caa24cba4c1faf72f431d) Importer(815301076,1909f56bfc062723c751e8b465ee728b)
Start importing Assets/Sprites using Guid(c2211bdd052caa24cba4c1faf72f431d) Importer(815301076,1909f56bfc062723c751e8b465ee728b)  -> (artifact id: '511a9a96b681d7d0644b1a6a4de0227b') in 0.009338 seconds
  Import took 0.031016 seconds .

========================================================================
Received Import Request.
  Time since last request: 0.839640 seconds.
  path: Assets/Sprites/7569a2879c3d3ad71b73542ca3e90dec.jpg
  artifactKey: Guid(f569fd62f7a9e6142bd6779b60cc0e24) Importer(815301076,1909f56bfc062723c751e8b465ee728b)
Start importing Assets/Sprites/7569a2879c3d3ad71b73542ca3e90dec.jpg using Guid(f569fd62f7a9e6142bd6779b60cc0e24) Importer(815301076,1909f56bfc062723c751e8b465ee728b)  -> (artifact id: '3f217dc0298bc25297af3a312206ec48') in 0.133716 seconds
  Import took 0.150840 seconds .

========================================================================
Received Import Request.
  Time since last request: 0.000240 seconds.
  path: Assets/Sprites/Tiles_Grass.png
  artifactKey: Guid(57cf1186de5c0f547aa32c07351afa2f) Importer(815301076,1909f56bfc062723c751e8b465ee728b)
Start importing Assets/Sprites/Tiles_Grass.png using Guid(57cf1186de5c0f547aa32c07351afa2f) Importer(815301076,1909f56bfc062723c751e8b465ee728b)  -> (artifact id: 'bc69e69c075322d1aa638ee8b13480bf') in 0.031924 seconds
  Import took 0.035100 seconds .

========================================================================
Received Import Request.
  Time since last request: 0.000233 seconds.
  path: Assets/Sprites/ModernHouses.png
  artifactKey: Guid(2320136c70d5b4740bf87a4816728bc9) Importer(815301076,1909f56bfc062723c751e8b465ee728b)
Start importing Assets/Sprites/ModernHouses.png using Guid(2320136c70d5b4740bf87a4816728bc9) Importer(815301076,1909f56bfc062723c751e8b465ee728b)  -> (artifact id: 'c320d2b07a03614270438ae428d82b7b') in 0.029820 seconds
  Import took 0.042097 seconds .

========================================================================
Received Import Request.
  Time since last request: 0.000218 seconds.
  path: Assets/Sprites/Beer.png
  artifactKey: Guid(12ac41100ac7e604e957c66c6bd47d12) Importer(815301076,1909f56bfc062723c751e8b465ee728b)
Start importing Assets/Sprites/Beer.png using Guid(12ac41100ac7e604e957c66c6bd47d12) Importer(815301076,1909f56bfc062723c751e8b465ee728b)  -> (artifact id: 'a9f5fff21d8e84b3c0526fe2abd73e6d') in 0.025507 seconds
  Import took 0.030208 seconds .

========================================================================
Received Import Request.
  Time since last request: 0.000233 seconds.
  path: Assets/Sprites/Wide_putin.png
  artifactKey: Guid(7841f192fdad72443a6b67210bec9ee0) Importer(815301076,1909f56bfc062723c751e8b465ee728b)
Start importing Assets/Sprites/Wide_putin.png using Guid(7841f192fdad72443a6b67210bec9ee0) Importer(815301076,1909f56bfc062723c751e8b465ee728b)  -> (artifact id: 'f754f58799bf6df7db706f98d41f65fb') in 0.030408 seconds
  Import took 0.035162 seconds .

========================================================================
Received Import Request.
  Time since last request: 0.000354 seconds.
  path: Assets/Sprites/upd1.png
  artifactKey: Guid(ed9a4a956ec023c4e979f65637e26e5d) Importer(815301076,1909f56bfc062723c751e8b465ee728b)
Start importing Assets/Sprites/upd1.png using Guid(ed9a4a956ec023c4e979f65637e26e5d) Importer(815301076,1909f56bfc062723c751e8b465ee728b)  -> (artifact id: '5d7c6fa323dba298f1c91e34abfde46f') in 0.026301 seconds
  Import took 0.031477 seconds .

========================================================================
Received Import Request.
  Time since last request: 0.000246 seconds.
  path: Assets/Sprites/AnimMan.png
  artifactKey: Guid(1eb131a37987c2343b0261f7a902c31d) Importer(815301076,1909f56bfc062723c751e8b465ee728b)
Start importing Assets/Sprites/AnimMan.png using Guid(1eb131a37987c2343b0261f7a902c31d) Importer(815301076,1909f56bfc062723c751e8b465ee728b)  -> (artifact id: '58603dec25d9e2deb4e407ff2e331214') in 0.027957 seconds
  Import took 0.036804 seconds .

========================================================================
Received Import Request.
  Time since last request: 0.000192 seconds.
  path: Assets/Sprites/BuildingsAndRoads.png
  artifactKey: Guid(5c56986b7b367bc4c91d4b30ebd4fdd4) Importer(815301076,1909f56bfc062723c751e8b465ee728b)
Start importing Assets/Sprites/BuildingsAndRoads.png using Guid(5c56986b7b367bc4c91d4b30ebd4fdd4) Importer(815301076,1909f56bfc062723c751e8b465ee728b)  -> (artifact id: 'b5018e8205eeef3be7a96f9bdaa96cde') in 0.030022 seconds
  Import took 0.033423 seconds .

========================================================================
Received Import Request.
  Time since last request: 0.000183 seconds.
  path: Assets/Sprites/circle_PNG62.png
  artifactKey: Guid(414113a0d93cf2348b251af7d49bc7c8) Importer(815301076,1909f56bfc062723c751e8b465ee728b)
Start importing Assets/Sprites/circle_PNG62.png using Guid(414113a0d93cf2348b251af7d49bc7c8) Importer(815301076,1909f56bfc062723c751e8b465ee728b)  -> (artifact id: 'a0d46613591ea8d8bb6cb6fe584b73a8') in 0.072169 seconds
  Import took 0.075390 seconds .

========================================================================
Received Import Request.
  Time since last request: 0.000217 seconds.
  path: Assets/Sprites/ForestTeutoburg.png
  artifactKey: Guid(71f3b380402f4a7469181e95c0c86923) Importer(815301076,1909f56bfc062723c751e8b465ee728b)
Start importing Assets/Sprites/ForestTeutoburg.png using Guid(71f3b380402f4a7469181e95c0c86923) Importer(815301076,1909f56bfc062723c751e8b465ee728b)  -> (artifact id: '9a94b8be4304f51de7c62d07aeeab2e5') in 0.034002 seconds
  Import took 0.038624 seconds .

========================================================================
Received Import Request.
  Time since last request: 2.979741 seconds.
  path: Assets/Sprites/Materials
  artifactKey: Guid(405c8f0553d9b90488996049a577c58f) Importer(815301076,1909f56bfc062723c751e8b465ee728b)
Start importing Assets/Sprites/Materials using Guid(405c8f0553d9b90488996049a577c58f) Importer(815301076,1909f56bfc062723c751e8b465ee728b)  -> (artifact id: '889a2e4cb0651dfe166eda0e0b6dde71') in 0.009229 seconds
  Import took 0.031023 seconds .

========================================================================
Received Import Request.
  Time since last request: 0.062803 seconds.
  path: Assets/Sprites/Materials/7569a2879c3d3ad71b73542ca3e90dec.mat
  artifactKey: Guid(7ab6201eb58ef324c9b24ae74a97a981) Importer(815301076,1909f56bfc062723c751e8b465ee728b)
Start importing Assets/Sprites/Materials/7569a2879c3d3ad71b73542ca3e90dec.mat using Guid(7ab6201eb58ef324c9b24ae74a97a981) Importer(815301076,1909f56bfc062723c751e8b465ee728b)  -> (artifact id: 'b46e185773d340811262b0a46f1928bb') in 0.041213 seconds
  Import took 0.054847 seconds .

========================================================================
Received Import Request.
  Time since last request: 0.000295 seconds.
  path: Assets/Sprites/Materials/Wide_putin.mat
  artifactKey: Guid(1ed499d6619c3054a9a20ea66d97530a) Importer(815301076,1909f56bfc062723c751e8b465ee728b)
Start importing Assets/Sprites/Materials/Wide_putin.mat using Guid(1ed499d6619c3054a9a20ea66d97530a) Importer(815301076,1909f56bfc062723c751e8b465ee728b)  -> (artifact id: '0834b930d86a328f2bcd85388364f413') in 0.010394 seconds
  Import took 0.018448 seconds .

========================================================================
Received Prepare
Registering precompiled user dll's ...
Registered in 0.000987 seconds.
Begin MonoManager ReloadAssembly
Native extension for WindowsStandalone target not found
Refreshing native plugins compatible for Editor in 0.35 ms, found 1 plugins.
Preloading 0 native plugins for Editor in 0.00 ms.
Invoked RoslynAnalysisRunner static constructor.
RoslynAnalysisRunner will not be running.
RoslynAnalysisRunner has terminated.
Mono: successfully reloaded assembly
- Completed reload, in  0.877 seconds
Platform modules already initialized, skipping
Refreshing native plugins compatible for Editor in 0.33 ms, found 1 plugins.
Preloading 0 native plugins for Editor in 0.00 ms.
Unloading 1804 Unused Serialized files (Serialized files now loaded: 0)
System memory in use before: 88.0 MB.
System memory in use after: 88.0 MB.

Unloading 12 unused Assets to reduce memory usage. Loaded Objects now: 2303.
Total: 2.720800 ms (FindLiveObjects: 0.175700 ms CreateObjectMapping: 0.061100 ms MarkObjects: 2.361200 ms  DeleteObjects: 0.121400 ms)

========================================================================
Received Import Request.
  Time since last request: 20.271791 seconds.
  path: Assets/Sprites/Wide_putin.png
  artifactKey: Guid(7841f192fdad72443a6b67210bec9ee0) Importer(815301076,1909f56bfc062723c751e8b465ee728b)
Start importing Assets/Sprites/Wide_putin.png using Guid(7841f192fdad72443a6b67210bec9ee0) Importer(815301076,1909f56bfc062723c751e8b465ee728b)  -> (artifact id: '4ceb5fc2ed25dedde7df1f1c7c4ce686') in 0.072608 seconds
  Import took 0.140436 seconds .

========================================================================
Received Import Request.
  Time since last request: 25.195990 seconds.
  path: Assets/Sprites/Tiles_Grass.png
  artifactKey: Guid(57cf1186de5c0f547aa32c07351afa2f) Importer(815301076,1909f56bfc062723c751e8b465ee728b)
Start importing Assets/Sprites/Tiles_Grass.png using Guid(57cf1186de5c0f547aa32c07351afa2f) Importer(815301076,1909f56bfc062723c751e8b465ee728b)  -> (artifact id: '62f6fcf5a2a622b701361cff97b7e87c') in 0.015602 seconds
  Import took 0.031435 seconds .

========================================================================
Received Import Request.
  Time since last request: 27.952032 seconds.
  path: Assets/Sprites/Tiles_Grass.png
  artifactKey: Guid(57cf1186de5c0f547aa32c07351afa2f) Importer(815301076,1909f56bfc062723c751e8b465ee728b)
Start importing Assets/Sprites/Tiles_Grass.png using Guid(57cf1186de5c0f547aa32c07351afa2f) Importer(815301076,1909f56bfc062723c751e8b465ee728b)  -> (artifact id: 'f8da0045fb12eb06bdd5368a64cbf7a3') in 0.018164 seconds
  Import took 0.022695 seconds .

========================================================================
Received Import Request.
  Time since last request: 149.396670 seconds.
  path: Assets/Sprites/ModernHouses.png
  artifactKey: Guid(2320136c70d5b4740bf87a4816728bc9) Importer(815301076,1909f56bfc062723c751e8b465ee728b)
Start importing Assets/Sprites/ModernHouses.png using Guid(2320136c70d5b4740bf87a4816728bc9) Importer(815301076,1909f56bfc062723c751e8b465ee728b)  -> (artifact id: 'd0ff619e9cacaa14a1f66e617b0af565') in 0.015595 seconds
  Import took 0.024270 seconds .

========================================================================
Received Import Request.
  Time since last request: 0.000589 seconds.
  path: Assets/Sprites/ModernHouses.png
  artifactKey: Guid(2320136c70d5b4740bf87a4816728bc9) Importer(815301076,1909f56bfc062723c751e8b465ee728b)
Start importing Assets/Sprites/ModernHouses.png using Guid(2320136c70d5b4740bf87a4816728bc9) Importer(815301076,1909f56bfc062723c751e8b465ee728b)  -> (artifact id: 'd0ff619e9cacaa14a1f66e617b0af565') in 0.010017 seconds
  Import took 0.013839 seconds .

========================================================================
Received Import Request.
  Time since last request: 12.474593 seconds.
  path: Assets/Sprites/ModernHouses.png
  artifactKey: Guid(2320136c70d5b4740bf87a4816728bc9) Importer(815301076,1909f56bfc062723c751e8b465ee728b)
Start importing Assets/Sprites/ModernHouses.png using Guid(2320136c70d5b4740bf87a4816728bc9) Importer(815301076,1909f56bfc062723c751e8b465ee728b)  -> (artifact id: '2d31b92c0408aaf1277f4595ecf190f5') in 0.104024 seconds
  Import took 0.107548 seconds .

========================================================================
Received Import Request.
  Time since last request: 22.961100 seconds.
  path: Assets/Sprites/BuildingsAndRoads.png
  artifactKey: Guid(5c56986b7b367bc4c91d4b30ebd4fdd4) Importer(815301076,1909f56bfc062723c751e8b465ee728b)
Start importing Assets/Sprites/BuildingsAndRoads.png using Guid(5c56986b7b367bc4c91d4b30ebd4fdd4) Importer(815301076,1909f56bfc062723c751e8b465ee728b)  -> (artifact id: '2429af81842a5d78e3250d657416b1e2') in 0.014739 seconds
  Import took 0.023264 seconds .

========================================================================
Received Import Request.
  Time since last request: 14.022006 seconds.
  path: Assets/Sprites/BuildingsAndRoads.png
  artifactKey: Guid(5c56986b7b367bc4c91d4b30ebd4fdd4) Importer(815301076,1909f56bfc062723c751e8b465ee728b)
Start importing Assets/Sprites/BuildingsAndRoads.png using Guid(5c56986b7b367bc4c91d4b30ebd4fdd4) Importer(815301076,1909f56bfc062723c751e8b465ee728b)  -> (artifact id: 'dbd385db3946c55f8246119740133ec2') in 0.095775 seconds
  Import took 0.099741 seconds .

